<?xml version="1.0" encoding="UTF-8"?>
<robot generator="Robot 6.1.1 (Python 3.12.0 on win32)" generated="20231119 22:11:01.522" rpa="false" schemaversion="4">
<suite id="s1" name="Signup" source="C:\projeto\qax\walkdog\testes\signup.robot">
<test id="s1-t1" name="Deve poder cadastrar um novo dog walker" line="11">
<kw name="Start session" library="base" type="SETUP">
<kw name="New Browser" library="Browser">
<arg>browser=${BROWSER}</arg>
<arg>headless=False</arg>
<tag>BrowserControl</tag>
<tag>Setter</tag>
<doc>Create a new playwright Browser with specified options.</doc>
<msg timestamp="20231119 22:11:02.292" level="INFO">{"browser": "firefox", "headless": false, "chromiumSandbox": false, "devtools": false, "handleSIGHUP": true, "handleSIGINT": true, "handleSIGTERM": true, "slowMo": 0.0, "timeout": 30000.0, "tracesDir": "C:\\projeto\\qax\\walkdog\\logs\\browser\\traces\\61317f17-2009-4070-90b2-fe2c7005024b"}</msg>
<msg timestamp="20231119 22:11:04.559" level="INFO">Successfully created browser with options: {"browser":"firefox","headless":false,"chromiumSandbox":false,"devtools":false,"handleSIGHUP":true,"handleSIGINT":true,"handleSIGTERM":true,"slowMo":0,"timeout":30000,"tracesDir":"C:\\projeto\\qax\\walkdog\\logs\\browser\\traces\\61317f17-2009-4070-90b2-fe2c7005024b"}</msg>
<status status="PASS" starttime="20231119 22:11:02.292" endtime="20231119 22:11:04.559"/>
</kw>
<kw name="New Page" library="Browser">
<arg>https://walkdog.vercel.app</arg>
<tag>BrowserControl</tag>
<tag>Setter</tag>
<doc>Open a new Page.</doc>
<msg timestamp="20231119 22:11:07.552" level="INFO">Successfully initialized new page object and opened url: https://walkdog.vercel.app</msg>
<msg timestamp="20231119 22:11:07.552" level="INFO">No context was open. New context was automatically opened when this page is created.</msg>
<status status="PASS" starttime="20231119 22:11:04.560" endtime="20231119 22:11:07.552"/>
</kw>
<kw name="Wait For Elements State" library="Browser">
<arg>css=h1 &gt;&gt; text= Cuidado e diversão em cada passo</arg>
<arg>visible</arg>
<arg>5</arg>
<tag>PageContent</tag>
<tag>Wait</tag>
<doc>Waits for the element found by ``selector`` to satisfy state option.</doc>
<msg timestamp="20231119 22:11:07.601" level="INFO">Waited for Element with selector css=h1 &gt;&gt; text= Cuidado e diversão em cada passo at state visible</msg>
<status status="PASS" starttime="20231119 22:11:07.552" endtime="20231119 22:11:07.601"/>
</kw>
<status status="PASS" starttime="20231119 22:11:02.292" endtime="20231119 22:11:07.601"/>
</kw>
<kw name="Create Dictionary" library="BuiltIn">
<var>${dog_walker}</var>
<arg>name=Aline Teste</arg>
<arg>email=aline.teste@teste.com.br</arg>
<arg>cpf=00000014141</arg>
<arg>cep=04534011</arg>
<arg>street=Rua Joaquim Floriano</arg>
<arg>district=Itaim Bibi</arg>
<arg>city_uf=São Paulo/SP</arg>
<arg>number=1000</arg>
<arg>details=Apto 28</arg>
<arg>cnh=raposa.png</arg>
<doc>Creates and returns a dictionary based on the given ``items``.</doc>
<msg timestamp="20231119 22:11:07.603" level="INFO">${dog_walker} = {'name': 'Aline Teste', 'email': 'aline.teste@teste.com.br', 'cpf': '00000014141', 'cep': '04534011', 'street': 'Rua Joaquim Floriano', 'district': 'Itaim Bibi', 'city_uf': 'São Paulo/SP', 'number': '...</msg>
<status status="PASS" starttime="20231119 22:11:07.602" endtime="20231119 22:11:07.603"/>
</kw>
<kw name="Go to signup page" library="signup">
<kw name="Click" library="Browser">
<arg>css=a[href="/signup"]</arg>
<tag>PageContent</tag>
<tag>Setter</tag>
<doc>Simulates mouse click on the element found by ``selector``.</doc>
<status status="PASS" starttime="20231119 22:11:07.603" endtime="20231119 22:11:07.714"/>
</kw>
<kw name="Wait For Elements State" library="Browser">
<arg>form h1</arg>
<arg>visible</arg>
<arg>5000</arg>
<tag>PageContent</tag>
<tag>Wait</tag>
<doc>Waits for the element found by ``selector`` to satisfy state option.</doc>
<msg timestamp="20231119 22:11:07.726" level="INFO">Waited for Element with selector form h1 at state visible</msg>
<status status="PASS" starttime="20231119 22:11:07.714" endtime="20231119 22:11:07.726"/>
</kw>
<kw name="Get Text" library="Browser">
<arg>form h1</arg>
<arg>equal</arg>
<arg>Faça seu cadastro</arg>
<tag>Assertion</tag>
<tag>Getter</tag>
<tag>PageContent</tag>
<doc>Returns text attribute of the element found by ``selector``.</doc>
<msg timestamp="20231119 22:11:07.774" level="INFO">Text: 'Faça seu cadastro'</msg>
<status status="PASS" starttime="20231119 22:11:07.727" endtime="20231119 22:11:07.774"/>
</kw>
<status status="PASS" starttime="20231119 22:11:07.603" endtime="20231119 22:11:07.774"/>
</kw>
<kw name="Fill signup form" library="signup">
<arg>${dog_walker}</arg>
<kw name="Fill Text" library="Browser">
<arg>css=input[name=name]</arg>
<arg>${dog_walker}[name]</arg>
<tag>PageContent</tag>
<tag>Setter</tag>
<doc>Clears and fills the given ``txt`` into the text field found by ``selector``.</doc>
<msg timestamp="20231119 22:11:07.776" level="INFO">Fills the text 'Aline Teste' in the given field.</msg>
<status status="PASS" starttime="20231119 22:11:07.775" endtime="20231119 22:11:07.825"/>
</kw>
<kw name="Fill Text" library="Browser">
<arg>css=input[name=email]</arg>
<arg>${dog_walker}[email]</arg>
<tag>PageContent</tag>
<tag>Setter</tag>
<doc>Clears and fills the given ``txt`` into the text field found by ``selector``.</doc>
<msg timestamp="20231119 22:11:07.825" level="INFO">Fills the text 'aline.teste@teste.com.br' in the given field.</msg>
<status status="PASS" starttime="20231119 22:11:07.825" endtime="20231119 22:11:07.851"/>
</kw>
<kw name="Fill Text" library="Browser">
<arg>css=input[name=cpf]</arg>
<arg>${dog_walker}[cpf]</arg>
<tag>PageContent</tag>
<tag>Setter</tag>
<doc>Clears and fills the given ``txt`` into the text field found by ``selector``.</doc>
<msg timestamp="20231119 22:11:07.851" level="INFO">Fills the text '00000014141' in the given field.</msg>
<status status="PASS" starttime="20231119 22:11:07.851" endtime="20231119 22:11:07.884"/>
</kw>
<kw name="Fill Text" library="Browser">
<arg>css=input[name=cep]</arg>
<arg>${dog_walker}[cep]</arg>
<tag>PageContent</tag>
<tag>Setter</tag>
<doc>Clears and fills the given ``txt`` into the text field found by ``selector``.</doc>
<msg timestamp="20231119 22:11:07.885" level="INFO">Fills the text '04534011' in the given field.</msg>
<status status="PASS" starttime="20231119 22:11:07.885" endtime="20231119 22:11:07.918"/>
</kw>
<kw name="Click" library="Browser">
<arg>css=input[type=button][value$=CEP]</arg>
<tag>PageContent</tag>
<tag>Setter</tag>
<doc>Simulates mouse click on the element found by ``selector``.</doc>
<status status="PASS" starttime="20231119 22:11:07.918" endtime="20231119 22:11:08.006"/>
</kw>
<kw name="Get Property" library="Browser">
<arg>css=input[name=addressStreet]</arg>
<arg>value</arg>
<arg>equal</arg>
<arg>${dog_walker}[street]</arg>
<tag>Assertion</tag>
<tag>Getter</tag>
<tag>PageContent</tag>
<doc>Returns the ``property`` of the element found by ``selector``.</doc>
<msg timestamp="20231119 22:11:08.535" level="INFO">Property: 'Rua Joaquim Floriano'</msg>
<status status="PASS" starttime="20231119 22:11:08.006" endtime="20231119 22:11:08.535"/>
</kw>
<kw name="Get Property" library="Browser">
<arg>css=input[name=addressDistrict]</arg>
<arg>value</arg>
<arg>equal</arg>
<arg>${dog_walker}[district]</arg>
<tag>Assertion</tag>
<tag>Getter</tag>
<tag>PageContent</tag>
<doc>Returns the ``property`` of the element found by ``selector``.</doc>
<msg timestamp="20231119 22:11:08.549" level="INFO">Property: 'Itaim Bibi'</msg>
<status status="PASS" starttime="20231119 22:11:08.535" endtime="20231119 22:11:08.549"/>
</kw>
<kw name="Get Property" library="Browser">
<arg>css=input[name=addressCityUf]</arg>
<arg>value</arg>
<arg>equal</arg>
<arg>${dog_walker}[city_uf]</arg>
<tag>Assertion</tag>
<tag>Getter</tag>
<tag>PageContent</tag>
<doc>Returns the ``property`` of the element found by ``selector``.</doc>
<msg timestamp="20231119 22:11:08.563" level="INFO">Property: 'São Paulo/SP'</msg>
<status status="PASS" starttime="20231119 22:11:08.549" endtime="20231119 22:11:08.563"/>
</kw>
<kw name="Fill Text" library="Browser">
<arg>css=input[name=addressNumber]</arg>
<arg>${dog_walker}[number]</arg>
<tag>PageContent</tag>
<tag>Setter</tag>
<doc>Clears and fills the given ``txt`` into the text field found by ``selector``.</doc>
<msg timestamp="20231119 22:11:08.563" level="INFO">Fills the text '1000' in the given field.</msg>
<status status="PASS" starttime="20231119 22:11:08.563" endtime="20231119 22:11:08.584"/>
</kw>
<kw name="Fill Text" library="Browser">
<arg>css=input[name=addressDetails]</arg>
<arg>${dog_walker}[details]</arg>
<tag>PageContent</tag>
<tag>Setter</tag>
<doc>Clears and fills the given ``txt`` into the text field found by ``selector``.</doc>
<msg timestamp="20231119 22:11:08.584" level="INFO">Fills the text 'Apto 28' in the given field.</msg>
<status status="PASS" starttime="20231119 22:11:08.584" endtime="20231119 22:11:08.611"/>
</kw>
<kw name="Upload File By Selector" library="Browser">
<arg>css=input[type=file]</arg>
<arg>${EXECDIR}/resources/fixtures/${dog_walker}[cnh]</arg>
<tag>PageContent</tag>
<tag>Setter</tag>
<doc>Uploads file from `path` to file input element matched by selector.</doc>
<status status="PASS" starttime="20231119 22:11:08.611" endtime="20231119 22:11:08.639"/>
</kw>
<status status="PASS" starttime="20231119 22:11:07.775" endtime="20231119 22:11:08.639"/>
</kw>
<kw name="Submit signup form" library="signup">
<kw name="Click" library="Browser">
<arg>css=.button-register</arg>
<tag>PageContent</tag>
<tag>Setter</tag>
<doc>Simulates mouse click on the element found by ``selector``.</doc>
<status status="PASS" starttime="20231119 22:11:08.640" endtime="20231119 22:11:08.729"/>
</kw>
<status status="PASS" starttime="20231119 22:11:08.640" endtime="20231119 22:11:08.729"/>
</kw>
<kw name="Popup should be" library="signup">
<arg>Recebemos o seu cadastro e em breve retornaremos o contato.</arg>
<kw name="Wait For Elements State" library="Browser">
<arg>css=.swal2-html-container</arg>
<arg>visible</arg>
<arg>5</arg>
<tag>PageContent</tag>
<tag>Wait</tag>
<doc>Waits for the element found by ``selector`` to satisfy state option.</doc>
<msg timestamp="20231119 22:11:09.052" level="INFO">Waited for Element with selector css=.swal2-html-container at state visible</msg>
<status status="PASS" starttime="20231119 22:11:08.730" endtime="20231119 22:11:09.052"/>
</kw>
<kw name="Get Text" library="Browser">
<arg>css=.swal2-html-container</arg>
<arg>equal</arg>
<arg>${expected_text}</arg>
<tag>Assertion</tag>
<tag>Getter</tag>
<tag>PageContent</tag>
<doc>Returns text attribute of the element found by ``selector``.</doc>
<msg timestamp="20231119 22:11:09.073" level="INFO">Text: 'Recebemos o seu cadastro e em breve retornaremos o contato.'</msg>
<status status="PASS" starttime="20231119 22:11:09.053" endtime="20231119 22:11:09.073"/>
</kw>
<status status="PASS" starttime="20231119 22:11:08.730" endtime="20231119 22:11:09.074"/>
</kw>
<kw name="Finish session" library="base" type="TEARDOWN">
<kw name="Take Screenshot" library="Browser">
<arg>fullPage=True</arg>
<tag>PageContent</tag>
<doc>Takes a screenshot of the current window or element and saves it to disk.</doc>
<msg timestamp="20231119 22:11:09.164" level="INFO" html="true">&lt;/td&gt;&lt;/tr&gt;&lt;tr&gt;&lt;td colspan="3"&gt;&lt;a href="browser/screenshot/robotframework-browser-screenshot-1.png" target="_blank"&gt;&lt;img src="browser/screenshot/robotframework-browser-screenshot-1.png" width="800px"/&gt;&lt;/a&gt;</msg>
<status status="PASS" starttime="20231119 22:11:09.074" endtime="20231119 22:11:09.164"/>
</kw>
<status status="PASS" starttime="20231119 22:11:09.074" endtime="20231119 22:11:09.164"/>
</kw>
<tag>smoke</tag>
<status status="PASS" starttime="20231119 22:11:02.288" endtime="20231119 22:11:09.165"/>
</test>
<test id="s1-t2" name="Não deve cadastrar se os campos obrigatórios não forem preenchidos" line="46">
<kw name="Start session" library="base" type="SETUP">
<kw name="New Browser" library="Browser">
<arg>browser=${BROWSER}</arg>
<arg>headless=False</arg>
<tag>BrowserControl</tag>
<tag>Setter</tag>
<doc>Create a new playwright Browser with specified options.</doc>
<msg timestamp="20231119 22:11:09.382" level="INFO">Switching browser to browser=18a45dab-040f-4242-b256-2b782d55bafa</msg>
<msg timestamp="20231119 22:11:09.384" level="INFO">Successfully changed active browser: browser=18a45dab-040f-4242-b256-2b782d55bafa</msg>
<msg timestamp="20231119 22:11:09.384" level="INFO">Reusing existing browser with id: browser=18a45dab-040f-4242-b256-2b782d55bafa</msg>
<status status="PASS" starttime="20231119 22:11:09.381" endtime="20231119 22:11:09.384"/>
</kw>
<kw name="New Page" library="Browser">
<arg>https://walkdog.vercel.app</arg>
<tag>BrowserControl</tag>
<tag>Setter</tag>
<doc>Open a new Page.</doc>
<msg timestamp="20231119 22:11:10.162" level="INFO">Successfully initialized new page object and opened url: https://walkdog.vercel.app</msg>
<msg timestamp="20231119 22:11:10.162" level="INFO">No context was open. New context was automatically opened when this page is created.</msg>
<status status="PASS" starttime="20231119 22:11:09.384" endtime="20231119 22:11:10.162"/>
</kw>
<kw name="Wait For Elements State" library="Browser">
<arg>css=h1 &gt;&gt; text= Cuidado e diversão em cada passo</arg>
<arg>visible</arg>
<arg>5</arg>
<tag>PageContent</tag>
<tag>Wait</tag>
<doc>Waits for the element found by ``selector`` to satisfy state option.</doc>
<msg timestamp="20231119 22:11:10.213" level="INFO">Waited for Element with selector css=h1 &gt;&gt; text= Cuidado e diversão em cada passo at state visible</msg>
<status status="PASS" starttime="20231119 22:11:10.162" endtime="20231119 22:11:10.213"/>
</kw>
<status status="PASS" starttime="20231119 22:11:09.381" endtime="20231119 22:11:10.213"/>
</kw>
<kw name="Go to signup page" library="signup">
<kw name="Click" library="Browser">
<arg>css=a[href="/signup"]</arg>
<tag>PageContent</tag>
<tag>Setter</tag>
<doc>Simulates mouse click on the element found by ``selector``.</doc>
<status status="PASS" starttime="20231119 22:11:10.214" endtime="20231119 22:11:10.317"/>
</kw>
<kw name="Wait For Elements State" library="Browser">
<arg>form h1</arg>
<arg>visible</arg>
<arg>5000</arg>
<tag>PageContent</tag>
<tag>Wait</tag>
<doc>Waits for the element found by ``selector`` to satisfy state option.</doc>
<msg timestamp="20231119 22:11:10.333" level="INFO">Waited for Element with selector form h1 at state visible</msg>
<status status="PASS" starttime="20231119 22:11:10.317" endtime="20231119 22:11:10.333"/>
</kw>
<kw name="Get Text" library="Browser">
<arg>form h1</arg>
<arg>equal</arg>
<arg>Faça seu cadastro</arg>
<tag>Assertion</tag>
<tag>Getter</tag>
<tag>PageContent</tag>
<doc>Returns text attribute of the element found by ``selector``.</doc>
<msg timestamp="20231119 22:11:10.410" level="INFO">Text: 'Faça seu cadastro'</msg>
<status status="PASS" starttime="20231119 22:11:10.333" endtime="20231119 22:11:10.410"/>
</kw>
<status status="PASS" starttime="20231119 22:11:10.214" endtime="20231119 22:11:10.410"/>
</kw>
<kw name="Submit signup form" library="signup">
<kw name="Click" library="Browser">
<arg>css=.button-register</arg>
<tag>PageContent</tag>
<tag>Setter</tag>
<doc>Simulates mouse click on the element found by ``selector``.</doc>
<status status="PASS" starttime="20231119 22:11:10.411" endtime="20231119 22:11:10.502"/>
</kw>
<status status="PASS" starttime="20231119 22:11:10.411" endtime="20231119 22:11:10.502"/>
</kw>
<kw name="Alert should be" library="signup">
<arg>Informe o seu nome completo</arg>
<kw name="Wait For Elements State" library="Browser">
<arg>css=.alert-error &gt;&gt; text=${expected_text}</arg>
<arg>visible</arg>
<arg>5</arg>
<tag>PageContent</tag>
<tag>Wait</tag>
<doc>Waits for the element found by ``selector`` to satisfy state option.</doc>
<msg timestamp="20231119 22:11:10.520" level="INFO">Waited for Element with selector css=.alert-error &gt;&gt; text=Informe o seu nome completo at state visible</msg>
<status status="PASS" starttime="20231119 22:11:10.506" endtime="20231119 22:11:10.520"/>
</kw>
<status status="PASS" starttime="20231119 22:11:10.506" endtime="20231119 22:11:10.520"/>
</kw>
<kw name="Alert should be" library="signup">
<arg>Informe o seu melhor email</arg>
<kw name="Wait For Elements State" library="Browser">
<arg>css=.alert-error &gt;&gt; text=${expected_text}</arg>
<arg>visible</arg>
<arg>5</arg>
<tag>PageContent</tag>
<tag>Wait</tag>
<doc>Waits for the element found by ``selector`` to satisfy state option.</doc>
<msg timestamp="20231119 22:11:10.534" level="INFO">Waited for Element with selector css=.alert-error &gt;&gt; text=Informe o seu melhor email at state visible</msg>
<status status="PASS" starttime="20231119 22:11:10.521" endtime="20231119 22:11:10.534"/>
</kw>
<status status="PASS" starttime="20231119 22:11:10.521" endtime="20231119 22:11:10.534"/>
</kw>
<kw name="Alert should be" library="signup">
<arg>Informe o seu CPF</arg>
<kw name="Wait For Elements State" library="Browser">
<arg>css=.alert-error &gt;&gt; text=${expected_text}</arg>
<arg>visible</arg>
<arg>5</arg>
<tag>PageContent</tag>
<tag>Wait</tag>
<doc>Waits for the element found by ``selector`` to satisfy state option.</doc>
<msg timestamp="20231119 22:11:10.551" level="INFO">Waited for Element with selector css=.alert-error &gt;&gt; text=Informe o seu CPF at state visible</msg>
<status status="PASS" starttime="20231119 22:11:10.535" endtime="20231119 22:11:10.551"/>
</kw>
<status status="PASS" starttime="20231119 22:11:10.534" endtime="20231119 22:11:10.551"/>
</kw>
<kw name="Alert should be" library="signup">
<arg>Informe o seu CEP</arg>
<kw name="Wait For Elements State" library="Browser">
<arg>css=.alert-error &gt;&gt; text=${expected_text}</arg>
<arg>visible</arg>
<arg>5</arg>
<tag>PageContent</tag>
<tag>Wait</tag>
<doc>Waits for the element found by ``selector`` to satisfy state option.</doc>
<msg timestamp="20231119 22:11:10.574" level="INFO">Waited for Element with selector css=.alert-error &gt;&gt; text=Informe o seu CEP at state visible</msg>
<status status="PASS" starttime="20231119 22:11:10.563" endtime="20231119 22:11:10.574"/>
</kw>
<status status="PASS" starttime="20231119 22:11:10.562" endtime="20231119 22:11:10.574"/>
</kw>
<kw name="Alert should be" library="signup">
<arg>Informe um número maior que zero</arg>
<kw name="Wait For Elements State" library="Browser">
<arg>css=.alert-error &gt;&gt; text=${expected_text}</arg>
<arg>visible</arg>
<arg>5</arg>
<tag>PageContent</tag>
<tag>Wait</tag>
<doc>Waits for the element found by ``selector`` to satisfy state option.</doc>
<msg timestamp="20231119 22:11:10.588" level="INFO">Waited for Element with selector css=.alert-error &gt;&gt; text=Informe um número maior que zero at state visible</msg>
<status status="PASS" starttime="20231119 22:11:10.577" endtime="20231119 22:11:10.588"/>
</kw>
<status status="PASS" starttime="20231119 22:11:10.576" endtime="20231119 22:11:10.588"/>
</kw>
<kw name="Alert should be" library="signup">
<arg>Adcione um documento com foto (RG ou CHN)</arg>
<kw name="Wait For Elements State" library="Browser">
<arg>css=.alert-error &gt;&gt; text=${expected_text}</arg>
<arg>visible</arg>
<arg>5</arg>
<tag>PageContent</tag>
<tag>Wait</tag>
<doc>Waits for the element found by ``selector`` to satisfy state option.</doc>
<msg timestamp="20231119 22:11:10.599" level="INFO">Waited for Element with selector css=.alert-error &gt;&gt; text=Adcione um documento com foto (RG ou CHN) at state visible</msg>
<status status="PASS" starttime="20231119 22:11:10.592" endtime="20231119 22:11:10.599"/>
</kw>
<status status="PASS" starttime="20231119 22:11:10.591" endtime="20231119 22:11:10.600"/>
</kw>
<kw name="Finish session" library="base" type="TEARDOWN">
<kw name="Take Screenshot" library="Browser">
<arg>fullPage=True</arg>
<tag>PageContent</tag>
<doc>Takes a screenshot of the current window or element and saves it to disk.</doc>
<msg timestamp="20231119 22:11:10.747" level="INFO" html="true">&lt;/td&gt;&lt;/tr&gt;&lt;tr&gt;&lt;td colspan="3"&gt;&lt;a href="browser/screenshot/robotframework-browser-screenshot-2.png" target="_blank"&gt;&lt;img src="browser/screenshot/robotframework-browser-screenshot-2.png" width="800px"/&gt;&lt;/a&gt;</msg>
<status status="PASS" starttime="20231119 22:11:10.600" endtime="20231119 22:11:10.747"/>
</kw>
<status status="PASS" starttime="20231119 22:11:10.600" endtime="20231119 22:11:10.747"/>
</kw>
<tag>required</tag>
<status status="PASS" starttime="20231119 22:11:09.379" endtime="20231119 22:11:10.748"/>
</test>
<test id="s1-t3" name="Não deve poder cadastrar se o cpf for incorreto" line="59">
<kw name="Start session" library="base" type="SETUP">
<kw name="New Browser" library="Browser">
<arg>browser=${BROWSER}</arg>
<arg>headless=False</arg>
<tag>BrowserControl</tag>
<tag>Setter</tag>
<doc>Create a new playwright Browser with specified options.</doc>
<msg timestamp="20231119 22:11:10.806" level="INFO">Switching browser to browser=18a45dab-040f-4242-b256-2b782d55bafa</msg>
<msg timestamp="20231119 22:11:10.809" level="INFO">Successfully changed active browser: browser=18a45dab-040f-4242-b256-2b782d55bafa</msg>
<msg timestamp="20231119 22:11:10.809" level="INFO">Reusing existing browser with id: browser=18a45dab-040f-4242-b256-2b782d55bafa</msg>
<status status="PASS" starttime="20231119 22:11:10.806" endtime="20231119 22:11:10.810"/>
</kw>
<kw name="New Page" library="Browser">
<arg>https://walkdog.vercel.app</arg>
<tag>BrowserControl</tag>
<tag>Setter</tag>
<doc>Open a new Page.</doc>
<msg timestamp="20231119 22:11:11.730" level="INFO">Successfully initialized new page object and opened url: https://walkdog.vercel.app</msg>
<msg timestamp="20231119 22:11:11.731" level="INFO">No context was open. New context was automatically opened when this page is created.</msg>
<status status="PASS" starttime="20231119 22:11:10.810" endtime="20231119 22:11:11.731"/>
</kw>
<kw name="Wait For Elements State" library="Browser">
<arg>css=h1 &gt;&gt; text= Cuidado e diversão em cada passo</arg>
<arg>visible</arg>
<arg>5</arg>
<tag>PageContent</tag>
<tag>Wait</tag>
<doc>Waits for the element found by ``selector`` to satisfy state option.</doc>
<msg timestamp="20231119 22:11:11.783" level="INFO">Waited for Element with selector css=h1 &gt;&gt; text= Cuidado e diversão em cada passo at state visible</msg>
<status status="PASS" starttime="20231119 22:11:11.731" endtime="20231119 22:11:11.783"/>
</kw>
<status status="PASS" starttime="20231119 22:11:10.805" endtime="20231119 22:11:11.783"/>
</kw>
<kw name="Create Dictionary" library="BuiltIn">
<var>${dog_walker}</var>
<arg>name=Aline Teste</arg>
<arg>email=aline.teste@teste.com.br</arg>
<arg>cpf=000000141aa</arg>
<arg>cep=04534011</arg>
<arg>street=Rua Joaquim Floriano</arg>
<arg>district=Itaim Bibi</arg>
<arg>city_uf=São Paulo/SP</arg>
<arg>number=1000</arg>
<arg>details=Apto 28</arg>
<arg>cnh=raposa.png</arg>
<doc>Creates and returns a dictionary based on the given ``items``.</doc>
<msg timestamp="20231119 22:11:11.785" level="INFO">${dog_walker} = {'name': 'Aline Teste', 'email': 'aline.teste@teste.com.br', 'cpf': '000000141aa', 'cep': '04534011', 'street': 'Rua Joaquim Floriano', 'district': 'Itaim Bibi', 'city_uf': 'São Paulo/SP', 'number': '...</msg>
<status status="PASS" starttime="20231119 22:11:11.784" endtime="20231119 22:11:11.785"/>
</kw>
<kw name="Go to signup page" library="signup">
<kw name="Click" library="Browser">
<arg>css=a[href="/signup"]</arg>
<tag>PageContent</tag>
<tag>Setter</tag>
<doc>Simulates mouse click on the element found by ``selector``.</doc>
<status status="PASS" starttime="20231119 22:11:11.786" endtime="20231119 22:11:18.354"/>
</kw>
<kw name="Wait For Elements State" library="Browser">
<arg>form h1</arg>
<arg>visible</arg>
<arg>5000</arg>
<tag>PageContent</tag>
<tag>Wait</tag>
<doc>Waits for the element found by ``selector`` to satisfy state option.</doc>
<msg timestamp="20231119 22:11:18.369" level="INFO">Waited for Element with selector form h1 at state visible</msg>
<status status="PASS" starttime="20231119 22:11:18.354" endtime="20231119 22:11:18.369"/>
</kw>
<kw name="Get Text" library="Browser">
<arg>form h1</arg>
<arg>equal</arg>
<arg>Faça seu cadastro</arg>
<tag>Assertion</tag>
<tag>Getter</tag>
<tag>PageContent</tag>
<doc>Returns text attribute of the element found by ``selector``.</doc>
<msg timestamp="20231119 22:11:18.412" level="INFO">Text: 'Faça seu cadastro'</msg>
<status status="PASS" starttime="20231119 22:11:18.369" endtime="20231119 22:11:18.412"/>
</kw>
<status status="PASS" starttime="20231119 22:11:11.786" endtime="20231119 22:11:18.413"/>
</kw>
<kw name="Fill signup form" library="signup">
<arg>${dog_walker}</arg>
<kw name="Fill Text" library="Browser">
<arg>css=input[name=name]</arg>
<arg>${dog_walker}[name]</arg>
<tag>PageContent</tag>
<tag>Setter</tag>
<doc>Clears and fills the given ``txt`` into the text field found by ``selector``.</doc>
<msg timestamp="20231119 22:11:18.414" level="INFO">Fills the text 'Aline Teste' in the given field.</msg>
<status status="PASS" starttime="20231119 22:11:18.414" endtime="20231119 22:11:18.444"/>
</kw>
<kw name="Fill Text" library="Browser">
<arg>css=input[name=email]</arg>
<arg>${dog_walker}[email]</arg>
<tag>PageContent</tag>
<tag>Setter</tag>
<doc>Clears and fills the given ``txt`` into the text field found by ``selector``.</doc>
<msg timestamp="20231119 22:11:18.444" level="INFO">Fills the text 'aline.teste@teste.com.br' in the given field.</msg>
<status status="PASS" starttime="20231119 22:11:18.444" endtime="20231119 22:11:18.471"/>
</kw>
<kw name="Fill Text" library="Browser">
<arg>css=input[name=cpf]</arg>
<arg>${dog_walker}[cpf]</arg>
<tag>PageContent</tag>
<tag>Setter</tag>
<doc>Clears and fills the given ``txt`` into the text field found by ``selector``.</doc>
<msg timestamp="20231119 22:11:18.472" level="INFO">Fills the text '000000141aa' in the given field.</msg>
<status status="PASS" starttime="20231119 22:11:18.471" endtime="20231119 22:11:18.494"/>
</kw>
<kw name="Fill Text" library="Browser">
<arg>css=input[name=cep]</arg>
<arg>${dog_walker}[cep]</arg>
<tag>PageContent</tag>
<tag>Setter</tag>
<doc>Clears and fills the given ``txt`` into the text field found by ``selector``.</doc>
<msg timestamp="20231119 22:11:18.494" level="INFO">Fills the text '04534011' in the given field.</msg>
<status status="PASS" starttime="20231119 22:11:18.494" endtime="20231119 22:11:18.519"/>
</kw>
<kw name="Click" library="Browser">
<arg>css=input[type=button][value$=CEP]</arg>
<tag>PageContent</tag>
<tag>Setter</tag>
<doc>Simulates mouse click on the element found by ``selector``.</doc>
<status status="PASS" starttime="20231119 22:11:18.519" endtime="20231119 22:11:27.068"/>
</kw>
<kw name="Get Property" library="Browser">
<arg>css=input[name=addressStreet]</arg>
<arg>value</arg>
<arg>equal</arg>
<arg>${dog_walker}[street]</arg>
<tag>Assertion</tag>
<tag>Getter</tag>
<tag>PageContent</tag>
<doc>Returns the ``property`` of the element found by ``selector``.</doc>
<msg timestamp="20231119 22:11:27.629" level="INFO">Property: 'Rua Joaquim Floriano'</msg>
<status status="PASS" starttime="20231119 22:11:27.069" endtime="20231119 22:11:27.629"/>
</kw>
<kw name="Get Property" library="Browser">
<arg>css=input[name=addressDistrict]</arg>
<arg>value</arg>
<arg>equal</arg>
<arg>${dog_walker}[district]</arg>
<tag>Assertion</tag>
<tag>Getter</tag>
<tag>PageContent</tag>
<doc>Returns the ``property`` of the element found by ``selector``.</doc>
<msg timestamp="20231119 22:11:27.647" level="INFO">Property: 'Itaim Bibi'</msg>
<status status="PASS" starttime="20231119 22:11:27.629" endtime="20231119 22:11:27.647"/>
</kw>
<kw name="Get Property" library="Browser">
<arg>css=input[name=addressCityUf]</arg>
<arg>value</arg>
<arg>equal</arg>
<arg>${dog_walker}[city_uf]</arg>
<tag>Assertion</tag>
<tag>Getter</tag>
<tag>PageContent</tag>
<doc>Returns the ``property`` of the element found by ``selector``.</doc>
<msg timestamp="20231119 22:11:27.660" level="INFO">Property: 'São Paulo/SP'</msg>
<status status="PASS" starttime="20231119 22:11:27.647" endtime="20231119 22:11:27.660"/>
</kw>
<kw name="Fill Text" library="Browser">
<arg>css=input[name=addressNumber]</arg>
<arg>${dog_walker}[number]</arg>
<tag>PageContent</tag>
<tag>Setter</tag>
<doc>Clears and fills the given ``txt`` into the text field found by ``selector``.</doc>
<msg timestamp="20231119 22:11:27.661" level="INFO">Fills the text '1000' in the given field.</msg>
<status status="PASS" starttime="20231119 22:11:27.661" endtime="20231119 22:11:27.683"/>
</kw>
<kw name="Fill Text" library="Browser">
<arg>css=input[name=addressDetails]</arg>
<arg>${dog_walker}[details]</arg>
<tag>PageContent</tag>
<tag>Setter</tag>
<doc>Clears and fills the given ``txt`` into the text field found by ``selector``.</doc>
<msg timestamp="20231119 22:11:27.684" level="INFO">Fills the text 'Apto 28' in the given field.</msg>
<status status="PASS" starttime="20231119 22:11:27.683" endtime="20231119 22:11:27.706"/>
</kw>
<kw name="Upload File By Selector" library="Browser">
<arg>css=input[type=file]</arg>
<arg>${EXECDIR}/resources/fixtures/${dog_walker}[cnh]</arg>
<tag>PageContent</tag>
<tag>Setter</tag>
<doc>Uploads file from `path` to file input element matched by selector.</doc>
<status status="PASS" starttime="20231119 22:11:27.706" endtime="20231119 22:11:27.729"/>
</kw>
<status status="PASS" starttime="20231119 22:11:18.413" endtime="20231119 22:11:27.729"/>
</kw>
<kw name="Submit signup form" library="signup">
<kw name="Click" library="Browser">
<arg>css=.button-register</arg>
<tag>PageContent</tag>
<tag>Setter</tag>
<doc>Simulates mouse click on the element found by ``selector``.</doc>
<status status="PASS" starttime="20231119 22:11:27.731" endtime="20231119 22:11:27.868"/>
</kw>
<status status="PASS" starttime="20231119 22:11:27.730" endtime="20231119 22:11:27.868"/>
</kw>
<kw name="Alert should be" library="signup">
<arg>CPF inválido</arg>
<kw name="Wait For Elements State" library="Browser">
<arg>css=.alert-error &gt;&gt; text=${expected_text}</arg>
<arg>visible</arg>
<arg>5</arg>
<tag>PageContent</tag>
<tag>Wait</tag>
<doc>Waits for the element found by ``selector`` to satisfy state option.</doc>
<msg timestamp="20231119 22:11:27.879" level="INFO">Waited for Element with selector css=.alert-error &gt;&gt; text=CPF inválido at state visible</msg>
<status status="PASS" starttime="20231119 22:11:27.869" endtime="20231119 22:11:27.879"/>
</kw>
<status status="PASS" starttime="20231119 22:11:27.869" endtime="20231119 22:11:27.879"/>
</kw>
<kw name="Finish session" library="base" type="TEARDOWN">
<kw name="Take Screenshot" library="Browser">
<arg>fullPage=True</arg>
<tag>PageContent</tag>
<doc>Takes a screenshot of the current window or element and saves it to disk.</doc>
<msg timestamp="20231119 22:11:27.963" level="INFO" html="true">&lt;/td&gt;&lt;/tr&gt;&lt;tr&gt;&lt;td colspan="3"&gt;&lt;a href="browser/screenshot/robotframework-browser-screenshot-3.png" target="_blank"&gt;&lt;img src="browser/screenshot/robotframework-browser-screenshot-3.png" width="800px"/&gt;&lt;/a&gt;</msg>
<status status="PASS" starttime="20231119 22:11:27.880" endtime="20231119 22:11:27.964"/>
</kw>
<status status="PASS" starttime="20231119 22:11:27.880" endtime="20231119 22:11:27.964"/>
</kw>
<tag>cpf_inv</tag>
<status status="PASS" starttime="20231119 22:11:10.801" endtime="20231119 22:11:27.964"/>
</test>
<test id="s1-t4" name="Deve poder cadastrar um novo dog walker que sabe cuidar de pets" line="80">
<kw name="Start session" library="base" type="SETUP">
<kw name="New Browser" library="Browser">
<arg>browser=${BROWSER}</arg>
<arg>headless=False</arg>
<tag>BrowserControl</tag>
<tag>Setter</tag>
<doc>Create a new playwright Browser with specified options.</doc>
<msg timestamp="20231119 22:11:28.042" level="INFO">Switching browser to browser=18a45dab-040f-4242-b256-2b782d55bafa</msg>
<msg timestamp="20231119 22:11:28.045" level="INFO">Successfully changed active browser: browser=18a45dab-040f-4242-b256-2b782d55bafa</msg>
<msg timestamp="20231119 22:11:28.045" level="INFO">Reusing existing browser with id: browser=18a45dab-040f-4242-b256-2b782d55bafa</msg>
<status status="PASS" starttime="20231119 22:11:28.042" endtime="20231119 22:11:28.046"/>
</kw>
<kw name="New Page" library="Browser">
<arg>https://walkdog.vercel.app</arg>
<tag>BrowserControl</tag>
<tag>Setter</tag>
<doc>Open a new Page.</doc>
<msg timestamp="20231119 22:11:29.018" level="INFO">Successfully initialized new page object and opened url: https://walkdog.vercel.app</msg>
<msg timestamp="20231119 22:11:29.018" level="INFO">No context was open. New context was automatically opened when this page is created.</msg>
<status status="PASS" starttime="20231119 22:11:28.046" endtime="20231119 22:11:29.018"/>
</kw>
<kw name="Wait For Elements State" library="Browser">
<arg>css=h1 &gt;&gt; text= Cuidado e diversão em cada passo</arg>
<arg>visible</arg>
<arg>5</arg>
<tag>PageContent</tag>
<tag>Wait</tag>
<doc>Waits for the element found by ``selector`` to satisfy state option.</doc>
<msg timestamp="20231119 22:11:29.074" level="INFO">Waited for Element with selector css=h1 &gt;&gt; text= Cuidado e diversão em cada passo at state visible</msg>
<status status="PASS" starttime="20231119 22:11:29.019" endtime="20231119 22:11:29.074"/>
</kw>
<status status="PASS" starttime="20231119 22:11:28.041" endtime="20231119 22:11:29.075"/>
</kw>
<kw name="Create Dictionary" library="BuiltIn">
<var>${dog_walker}</var>
<arg>name=Aline Teste</arg>
<arg>email=aline.teste@teste.com.br</arg>
<arg>cpf=00000014141</arg>
<arg>cep=04534011</arg>
<arg>street=Rua Joaquim Floriano</arg>
<arg>district=Itaim Bibi</arg>
<arg>city_uf=São Paulo/SP</arg>
<arg>number=1000</arg>
<arg>details=Apto 28</arg>
<arg>cnh=raposa.png</arg>
<doc>Creates and returns a dictionary based on the given ``items``.</doc>
<msg timestamp="20231119 22:11:29.075" level="INFO">${dog_walker} = {'name': 'Aline Teste', 'email': 'aline.teste@teste.com.br', 'cpf': '00000014141', 'cep': '04534011', 'street': 'Rua Joaquim Floriano', 'district': 'Itaim Bibi', 'city_uf': 'São Paulo/SP', 'number': '...</msg>
<status status="PASS" starttime="20231119 22:11:29.075" endtime="20231119 22:11:29.075"/>
</kw>
<kw name="Go to signup page" library="signup">
<kw name="Click" library="Browser">
<arg>css=a[href="/signup"]</arg>
<tag>PageContent</tag>
<tag>Setter</tag>
<doc>Simulates mouse click on the element found by ``selector``.</doc>
<status status="PASS" starttime="20231119 22:11:29.076" endtime="20231119 22:11:29.214"/>
</kw>
<kw name="Wait For Elements State" library="Browser">
<arg>form h1</arg>
<arg>visible</arg>
<arg>5000</arg>
<tag>PageContent</tag>
<tag>Wait</tag>
<doc>Waits for the element found by ``selector`` to satisfy state option.</doc>
<msg timestamp="20231119 22:11:29.225" level="INFO">Waited for Element with selector form h1 at state visible</msg>
<status status="PASS" starttime="20231119 22:11:29.215" endtime="20231119 22:11:29.225"/>
</kw>
<kw name="Get Text" library="Browser">
<arg>form h1</arg>
<arg>equal</arg>
<arg>Faça seu cadastro</arg>
<tag>Assertion</tag>
<tag>Getter</tag>
<tag>PageContent</tag>
<doc>Returns text attribute of the element found by ``selector``.</doc>
<msg timestamp="20231119 22:11:29.281" level="INFO">Text: 'Faça seu cadastro'</msg>
<status status="PASS" starttime="20231119 22:11:29.226" endtime="20231119 22:11:29.281"/>
</kw>
<status status="PASS" starttime="20231119 22:11:29.076" endtime="20231119 22:11:29.281"/>
</kw>
<kw name="Fill signup form" library="signup">
<arg>${dog_walker}</arg>
<kw name="Fill Text" library="Browser">
<arg>css=input[name=name]</arg>
<arg>${dog_walker}[name]</arg>
<tag>PageContent</tag>
<tag>Setter</tag>
<doc>Clears and fills the given ``txt`` into the text field found by ``selector``.</doc>
<msg timestamp="20231119 22:11:29.282" level="INFO">Fills the text 'Aline Teste' in the given field.</msg>
<status status="PASS" starttime="20231119 22:11:29.282" endtime="20231119 22:11:29.314"/>
</kw>
<kw name="Fill Text" library="Browser">
<arg>css=input[name=email]</arg>
<arg>${dog_walker}[email]</arg>
<tag>PageContent</tag>
<tag>Setter</tag>
<doc>Clears and fills the given ``txt`` into the text field found by ``selector``.</doc>
<msg timestamp="20231119 22:11:29.315" level="INFO">Fills the text 'aline.teste@teste.com.br' in the given field.</msg>
<status status="PASS" starttime="20231119 22:11:29.314" endtime="20231119 22:11:29.345"/>
</kw>
<kw name="Fill Text" library="Browser">
<arg>css=input[name=cpf]</arg>
<arg>${dog_walker}[cpf]</arg>
<tag>PageContent</tag>
<tag>Setter</tag>
<doc>Clears and fills the given ``txt`` into the text field found by ``selector``.</doc>
<msg timestamp="20231119 22:11:29.346" level="INFO">Fills the text '00000014141' in the given field.</msg>
<status status="PASS" starttime="20231119 22:11:29.345" endtime="20231119 22:11:29.371"/>
</kw>
<kw name="Fill Text" library="Browser">
<arg>css=input[name=cep]</arg>
<arg>${dog_walker}[cep]</arg>
<tag>PageContent</tag>
<tag>Setter</tag>
<doc>Clears and fills the given ``txt`` into the text field found by ``selector``.</doc>
<msg timestamp="20231119 22:11:29.372" level="INFO">Fills the text '04534011' in the given field.</msg>
<status status="PASS" starttime="20231119 22:11:29.371" endtime="20231119 22:11:29.401"/>
</kw>
<kw name="Click" library="Browser">
<arg>css=input[type=button][value$=CEP]</arg>
<tag>PageContent</tag>
<tag>Setter</tag>
<doc>Simulates mouse click on the element found by ``selector``.</doc>
<status status="PASS" starttime="20231119 22:11:29.401" endtime="20231119 22:11:29.500"/>
</kw>
<kw name="Get Property" library="Browser">
<arg>css=input[name=addressStreet]</arg>
<arg>value</arg>
<arg>equal</arg>
<arg>${dog_walker}[street]</arg>
<tag>Assertion</tag>
<tag>Getter</tag>
<tag>PageContent</tag>
<doc>Returns the ``property`` of the element found by ``selector``.</doc>
<msg timestamp="20231119 22:11:30.011" level="INFO">Property: 'Rua Joaquim Floriano'</msg>
<status status="PASS" starttime="20231119 22:11:29.501" endtime="20231119 22:11:30.011"/>
</kw>
<kw name="Get Property" library="Browser">
<arg>css=input[name=addressDistrict]</arg>
<arg>value</arg>
<arg>equal</arg>
<arg>${dog_walker}[district]</arg>
<tag>Assertion</tag>
<tag>Getter</tag>
<tag>PageContent</tag>
<doc>Returns the ``property`` of the element found by ``selector``.</doc>
<msg timestamp="20231119 22:11:30.051" level="INFO">Property: 'Itaim Bibi'</msg>
<status status="PASS" starttime="20231119 22:11:30.011" endtime="20231119 22:11:30.051"/>
</kw>
<kw name="Get Property" library="Browser">
<arg>css=input[name=addressCityUf]</arg>
<arg>value</arg>
<arg>equal</arg>
<arg>${dog_walker}[city_uf]</arg>
<tag>Assertion</tag>
<tag>Getter</tag>
<tag>PageContent</tag>
<doc>Returns the ``property`` of the element found by ``selector``.</doc>
<msg timestamp="20231119 22:11:30.063" level="INFO">Property: 'São Paulo/SP'</msg>
<status status="PASS" starttime="20231119 22:11:30.051" endtime="20231119 22:11:30.063"/>
</kw>
<kw name="Fill Text" library="Browser">
<arg>css=input[name=addressNumber]</arg>
<arg>${dog_walker}[number]</arg>
<tag>PageContent</tag>
<tag>Setter</tag>
<doc>Clears and fills the given ``txt`` into the text field found by ``selector``.</doc>
<msg timestamp="20231119 22:11:30.063" level="INFO">Fills the text '1000' in the given field.</msg>
<status status="PASS" starttime="20231119 22:11:30.063" endtime="20231119 22:11:30.084"/>
</kw>
<kw name="Fill Text" library="Browser">
<arg>css=input[name=addressDetails]</arg>
<arg>${dog_walker}[details]</arg>
<tag>PageContent</tag>
<tag>Setter</tag>
<doc>Clears and fills the given ``txt`` into the text field found by ``selector``.</doc>
<msg timestamp="20231119 22:11:30.085" level="INFO">Fills the text 'Apto 28' in the given field.</msg>
<status status="PASS" starttime="20231119 22:11:30.084" endtime="20231119 22:11:30.111"/>
</kw>
<kw name="Upload File By Selector" library="Browser">
<arg>css=input[type=file]</arg>
<arg>${EXECDIR}/resources/fixtures/${dog_walker}[cnh]</arg>
<tag>PageContent</tag>
<tag>Setter</tag>
<doc>Uploads file from `path` to file input element matched by selector.</doc>
<status status="PASS" starttime="20231119 22:11:30.111" endtime="20231119 22:11:30.133"/>
</kw>
<status status="PASS" starttime="20231119 22:11:29.281" endtime="20231119 22:11:30.133"/>
</kw>
<kw name="Additional Service" library="signup">
<arg>Cuidar</arg>
<kw name="Click" library="Browser">
<arg>xpath=//span[text()="${additional_service}"]/..</arg>
<tag>PageContent</tag>
<tag>Setter</tag>
<doc>Simulates mouse click on the element found by ``selector``.</doc>
<status status="PASS" starttime="20231119 22:11:30.134" endtime="20231119 22:11:30.254"/>
</kw>
<status status="PASS" starttime="20231119 22:11:30.134" endtime="20231119 22:11:30.254"/>
</kw>
<kw name="Submit signup form" library="signup">
<kw name="Click" library="Browser">
<arg>css=.button-register</arg>
<tag>PageContent</tag>
<tag>Setter</tag>
<doc>Simulates mouse click on the element found by ``selector``.</doc>
<status status="PASS" starttime="20231119 22:11:30.256" endtime="20231119 22:11:30.345"/>
</kw>
<status status="PASS" starttime="20231119 22:11:30.255" endtime="20231119 22:11:30.345"/>
</kw>
<kw name="Popup should be" library="signup">
<arg>Recebemos o seu cadastro e em breve retornaremos o contato.</arg>
<kw name="Wait For Elements State" library="Browser">
<arg>css=.swal2-html-container</arg>
<arg>visible</arg>
<arg>5</arg>
<tag>PageContent</tag>
<tag>Wait</tag>
<doc>Waits for the element found by ``selector`` to satisfy state option.</doc>
<msg timestamp="20231119 22:11:31.243" level="INFO">Waited for Element with selector css=.swal2-html-container at state visible</msg>
<status status="PASS" starttime="20231119 22:11:30.348" endtime="20231119 22:11:31.244"/>
</kw>
<kw name="Get Text" library="Browser">
<arg>css=.swal2-html-container</arg>
<arg>equal</arg>
<arg>${expected_text}</arg>
<tag>Assertion</tag>
<tag>Getter</tag>
<tag>PageContent</tag>
<doc>Returns text attribute of the element found by ``selector``.</doc>
<msg timestamp="20231119 22:11:31.272" level="INFO">Text: 'Recebemos o seu cadastro e em breve retornaremos o contato.'</msg>
<status status="PASS" starttime="20231119 22:11:31.244" endtime="20231119 22:11:31.272"/>
</kw>
<status status="PASS" starttime="20231119 22:11:30.347" endtime="20231119 22:11:31.272"/>
</kw>
<kw name="Finish session" library="base" type="TEARDOWN">
<kw name="Take Screenshot" library="Browser">
<arg>fullPage=True</arg>
<tag>PageContent</tag>
<doc>Takes a screenshot of the current window or element and saves it to disk.</doc>
<msg timestamp="20231119 22:11:31.373" level="INFO" html="true">&lt;/td&gt;&lt;/tr&gt;&lt;tr&gt;&lt;td colspan="3"&gt;&lt;a href="browser/screenshot/robotframework-browser-screenshot-4.png" target="_blank"&gt;&lt;img src="browser/screenshot/robotframework-browser-screenshot-4.png" width="800px"/&gt;&lt;/a&gt;</msg>
<status status="PASS" starttime="20231119 22:11:31.274" endtime="20231119 22:11:31.374"/>
</kw>
<status status="PASS" starttime="20231119 22:11:31.274" endtime="20231119 22:11:31.374"/>
</kw>
<tag>aservice</tag>
<status status="PASS" starttime="20231119 22:11:28.037" endtime="20231119 22:11:31.374"/>
</test>
<test id="s1-t5" name="Deve poder cadastrar um novo dog walker que sabe adestrar pets" line="102">
<kw name="Start session" library="base" type="SETUP">
<kw name="New Browser" library="Browser">
<arg>browser=${BROWSER}</arg>
<arg>headless=False</arg>
<tag>BrowserControl</tag>
<tag>Setter</tag>
<doc>Create a new playwright Browser with specified options.</doc>
<msg timestamp="20231119 22:11:31.450" level="INFO">Switching browser to browser=18a45dab-040f-4242-b256-2b782d55bafa</msg>
<msg timestamp="20231119 22:11:31.453" level="INFO">Successfully changed active browser: browser=18a45dab-040f-4242-b256-2b782d55bafa</msg>
<msg timestamp="20231119 22:11:31.453" level="INFO">Reusing existing browser with id: browser=18a45dab-040f-4242-b256-2b782d55bafa</msg>
<status status="PASS" starttime="20231119 22:11:31.449" endtime="20231119 22:11:31.453"/>
</kw>
<kw name="New Page" library="Browser">
<arg>https://walkdog.vercel.app</arg>
<tag>BrowserControl</tag>
<tag>Setter</tag>
<doc>Open a new Page.</doc>
<msg timestamp="20231119 22:11:32.304" level="INFO">Successfully initialized new page object and opened url: https://walkdog.vercel.app</msg>
<msg timestamp="20231119 22:11:32.304" level="INFO">No context was open. New context was automatically opened when this page is created.</msg>
<status status="PASS" starttime="20231119 22:11:31.453" endtime="20231119 22:11:32.305"/>
</kw>
<kw name="Wait For Elements State" library="Browser">
<arg>css=h1 &gt;&gt; text= Cuidado e diversão em cada passo</arg>
<arg>visible</arg>
<arg>5</arg>
<tag>PageContent</tag>
<tag>Wait</tag>
<doc>Waits for the element found by ``selector`` to satisfy state option.</doc>
<msg timestamp="20231119 22:11:32.358" level="INFO">Waited for Element with selector css=h1 &gt;&gt; text= Cuidado e diversão em cada passo at state visible</msg>
<status status="PASS" starttime="20231119 22:11:32.305" endtime="20231119 22:11:32.358"/>
</kw>
<status status="PASS" starttime="20231119 22:11:31.449" endtime="20231119 22:11:32.358"/>
</kw>
<kw name="Create Dictionary" library="BuiltIn">
<var>${dog_walker}</var>
<arg>name=Aline Teste</arg>
<arg>email=aline.teste@teste.com.br</arg>
<arg>cpf=00000014141</arg>
<arg>cep=04534011</arg>
<arg>street=Rua Joaquim Floriano</arg>
<arg>district=Itaim Bibi</arg>
<arg>city_uf=São Paulo/SP</arg>
<arg>number=1000</arg>
<arg>details=Apto 28</arg>
<arg>cnh=raposa.png</arg>
<doc>Creates and returns a dictionary based on the given ``items``.</doc>
<msg timestamp="20231119 22:11:32.359" level="INFO">${dog_walker} = {'name': 'Aline Teste', 'email': 'aline.teste@teste.com.br', 'cpf': '00000014141', 'cep': '04534011', 'street': 'Rua Joaquim Floriano', 'district': 'Itaim Bibi', 'city_uf': 'São Paulo/SP', 'number': '...</msg>
<status status="PASS" starttime="20231119 22:11:32.359" endtime="20231119 22:11:32.359"/>
</kw>
<kw name="Go to signup page" library="signup">
<kw name="Click" library="Browser">
<arg>css=a[href="/signup"]</arg>
<tag>PageContent</tag>
<tag>Setter</tag>
<doc>Simulates mouse click on the element found by ``selector``.</doc>
<status status="PASS" starttime="20231119 22:11:32.360" endtime="20231119 22:11:32.477"/>
</kw>
<kw name="Wait For Elements State" library="Browser">
<arg>form h1</arg>
<arg>visible</arg>
<arg>5000</arg>
<tag>PageContent</tag>
<tag>Wait</tag>
<doc>Waits for the element found by ``selector`` to satisfy state option.</doc>
<msg timestamp="20231119 22:11:32.488" level="INFO">Waited for Element with selector form h1 at state visible</msg>
<status status="PASS" starttime="20231119 22:11:32.477" endtime="20231119 22:11:32.489"/>
</kw>
<kw name="Get Text" library="Browser">
<arg>form h1</arg>
<arg>equal</arg>
<arg>Faça seu cadastro</arg>
<tag>Assertion</tag>
<tag>Getter</tag>
<tag>PageContent</tag>
<doc>Returns text attribute of the element found by ``selector``.</doc>
<msg timestamp="20231119 22:11:32.534" level="INFO">Text: 'Faça seu cadastro'</msg>
<status status="PASS" starttime="20231119 22:11:32.489" endtime="20231119 22:11:32.534"/>
</kw>
<status status="PASS" starttime="20231119 22:11:32.359" endtime="20231119 22:11:32.534"/>
</kw>
<kw name="Fill signup form" library="signup">
<arg>${dog_walker}</arg>
<kw name="Fill Text" library="Browser">
<arg>css=input[name=name]</arg>
<arg>${dog_walker}[name]</arg>
<tag>PageContent</tag>
<tag>Setter</tag>
<doc>Clears and fills the given ``txt`` into the text field found by ``selector``.</doc>
<msg timestamp="20231119 22:11:32.538" level="INFO">Fills the text 'Aline Teste' in the given field.</msg>
<status status="PASS" starttime="20231119 22:11:32.538" endtime="20231119 22:11:32.565"/>
</kw>
<kw name="Fill Text" library="Browser">
<arg>css=input[name=email]</arg>
<arg>${dog_walker}[email]</arg>
<tag>PageContent</tag>
<tag>Setter</tag>
<doc>Clears and fills the given ``txt`` into the text field found by ``selector``.</doc>
<msg timestamp="20231119 22:11:32.565" level="INFO">Fills the text 'aline.teste@teste.com.br' in the given field.</msg>
<status status="PASS" starttime="20231119 22:11:32.565" endtime="20231119 22:11:32.598"/>
</kw>
<kw name="Fill Text" library="Browser">
<arg>css=input[name=cpf]</arg>
<arg>${dog_walker}[cpf]</arg>
<tag>PageContent</tag>
<tag>Setter</tag>
<doc>Clears and fills the given ``txt`` into the text field found by ``selector``.</doc>
<msg timestamp="20231119 22:11:32.599" level="INFO">Fills the text '00000014141' in the given field.</msg>
<status status="PASS" starttime="20231119 22:11:32.599" endtime="20231119 22:11:32.630"/>
</kw>
<kw name="Fill Text" library="Browser">
<arg>css=input[name=cep]</arg>
<arg>${dog_walker}[cep]</arg>
<tag>PageContent</tag>
<tag>Setter</tag>
<doc>Clears and fills the given ``txt`` into the text field found by ``selector``.</doc>
<msg timestamp="20231119 22:11:32.631" level="INFO">Fills the text '04534011' in the given field.</msg>
<status status="PASS" starttime="20231119 22:11:32.630" endtime="20231119 22:11:32.662"/>
</kw>
<kw name="Click" library="Browser">
<arg>css=input[type=button][value$=CEP]</arg>
<tag>PageContent</tag>
<tag>Setter</tag>
<doc>Simulates mouse click on the element found by ``selector``.</doc>
<status status="PASS" starttime="20231119 22:11:32.662" endtime="20231119 22:11:32.755"/>
</kw>
<kw name="Get Property" library="Browser">
<arg>css=input[name=addressStreet]</arg>
<arg>value</arg>
<arg>equal</arg>
<arg>${dog_walker}[street]</arg>
<tag>Assertion</tag>
<tag>Getter</tag>
<tag>PageContent</tag>
<doc>Returns the ``property`` of the element found by ``selector``.</doc>
<msg timestamp="20231119 22:11:33.304" level="INFO">Property: 'Rua Joaquim Floriano'</msg>
<status status="PASS" starttime="20231119 22:11:32.756" endtime="20231119 22:11:33.304"/>
</kw>
<kw name="Get Property" library="Browser">
<arg>css=input[name=addressDistrict]</arg>
<arg>value</arg>
<arg>equal</arg>
<arg>${dog_walker}[district]</arg>
<tag>Assertion</tag>
<tag>Getter</tag>
<tag>PageContent</tag>
<doc>Returns the ``property`` of the element found by ``selector``.</doc>
<msg timestamp="20231119 22:11:33.319" level="INFO">Property: 'Itaim Bibi'</msg>
<status status="PASS" starttime="20231119 22:11:33.304" endtime="20231119 22:11:33.319"/>
</kw>
<kw name="Get Property" library="Browser">
<arg>css=input[name=addressCityUf]</arg>
<arg>value</arg>
<arg>equal</arg>
<arg>${dog_walker}[city_uf]</arg>
<tag>Assertion</tag>
<tag>Getter</tag>
<tag>PageContent</tag>
<doc>Returns the ``property`` of the element found by ``selector``.</doc>
<msg timestamp="20231119 22:11:33.335" level="INFO">Property: 'São Paulo/SP'</msg>
<status status="PASS" starttime="20231119 22:11:33.320" endtime="20231119 22:11:33.335"/>
</kw>
<kw name="Fill Text" library="Browser">
<arg>css=input[name=addressNumber]</arg>
<arg>${dog_walker}[number]</arg>
<tag>PageContent</tag>
<tag>Setter</tag>
<doc>Clears and fills the given ``txt`` into the text field found by ``selector``.</doc>
<msg timestamp="20231119 22:11:33.336" level="INFO">Fills the text '1000' in the given field.</msg>
<status status="PASS" starttime="20231119 22:11:33.335" endtime="20231119 22:11:33.358"/>
</kw>
<kw name="Fill Text" library="Browser">
<arg>css=input[name=addressDetails]</arg>
<arg>${dog_walker}[details]</arg>
<tag>PageContent</tag>
<tag>Setter</tag>
<doc>Clears and fills the given ``txt`` into the text field found by ``selector``.</doc>
<msg timestamp="20231119 22:11:33.359" level="INFO">Fills the text 'Apto 28' in the given field.</msg>
<status status="PASS" starttime="20231119 22:11:33.359" endtime="20231119 22:11:33.381"/>
</kw>
<kw name="Upload File By Selector" library="Browser">
<arg>css=input[type=file]</arg>
<arg>${EXECDIR}/resources/fixtures/${dog_walker}[cnh]</arg>
<tag>PageContent</tag>
<tag>Setter</tag>
<doc>Uploads file from `path` to file input element matched by selector.</doc>
<status status="PASS" starttime="20231119 22:11:33.381" endtime="20231119 22:11:33.406"/>
</kw>
<status status="PASS" starttime="20231119 22:11:32.537" endtime="20231119 22:11:33.407"/>
</kw>
<kw name="Additional Service" library="signup">
<arg>Adestrar</arg>
<kw name="Click" library="Browser">
<arg>xpath=//span[text()="${additional_service}"]/..</arg>
<tag>PageContent</tag>
<tag>Setter</tag>
<doc>Simulates mouse click on the element found by ``selector``.</doc>
<status status="PASS" starttime="20231119 22:11:33.408" endtime="20231119 22:11:33.529"/>
</kw>
<status status="PASS" starttime="20231119 22:11:33.407" endtime="20231119 22:11:33.530"/>
</kw>
<kw name="Submit signup form" library="signup">
<kw name="Click" library="Browser">
<arg>css=.button-register</arg>
<tag>PageContent</tag>
<tag>Setter</tag>
<doc>Simulates mouse click on the element found by ``selector``.</doc>
<status status="PASS" starttime="20231119 22:11:33.531" endtime="20231119 22:11:33.648"/>
</kw>
<status status="PASS" starttime="20231119 22:11:33.530" endtime="20231119 22:11:33.648"/>
</kw>
<kw name="Popup should be" library="signup">
<arg>Recebemos o seu cadastro e em breve retornaremos o contato.</arg>
<kw name="Wait For Elements State" library="Browser">
<arg>css=.swal2-html-container</arg>
<arg>visible</arg>
<arg>5</arg>
<tag>PageContent</tag>
<tag>Wait</tag>
<doc>Waits for the element found by ``selector`` to satisfy state option.</doc>
<msg timestamp="20231119 22:11:34.520" level="INFO">Waited for Element with selector css=.swal2-html-container at state visible</msg>
<status status="PASS" starttime="20231119 22:11:33.652" endtime="20231119 22:11:34.521"/>
</kw>
<kw name="Get Text" library="Browser">
<arg>css=.swal2-html-container</arg>
<arg>equal</arg>
<arg>${expected_text}</arg>
<tag>Assertion</tag>
<tag>Getter</tag>
<tag>PageContent</tag>
<doc>Returns text attribute of the element found by ``selector``.</doc>
<msg timestamp="20231119 22:11:34.546" level="INFO">Text: 'Recebemos o seu cadastro e em breve retornaremos o contato.'</msg>
<status status="PASS" starttime="20231119 22:11:34.521" endtime="20231119 22:11:34.546"/>
</kw>
<status status="PASS" starttime="20231119 22:11:33.652" endtime="20231119 22:11:34.546"/>
</kw>
<kw name="Finish session" library="base" type="TEARDOWN">
<kw name="Take Screenshot" library="Browser">
<arg>fullPage=True</arg>
<tag>PageContent</tag>
<doc>Takes a screenshot of the current window or element and saves it to disk.</doc>
<msg timestamp="20231119 22:11:34.641" level="INFO" html="true">&lt;/td&gt;&lt;/tr&gt;&lt;tr&gt;&lt;td colspan="3"&gt;&lt;a href="browser/screenshot/robotframework-browser-screenshot-5.png" target="_blank"&gt;&lt;img src="browser/screenshot/robotframework-browser-screenshot-5.png" width="800px"/&gt;&lt;/a&gt;</msg>
<status status="PASS" starttime="20231119 22:11:34.548" endtime="20231119 22:11:34.641"/>
</kw>
<status status="PASS" starttime="20231119 22:11:34.547" endtime="20231119 22:11:34.641"/>
</kw>
<tag>aservice</tag>
<status status="PASS" starttime="20231119 22:11:31.447" endtime="20231119 22:11:34.641"/>
</test>
<doc>Suite de testes de cadatro de dog walk</doc>
<status status="PASS" starttime="20231119 22:11:01.524" endtime="20231119 22:11:34.728"/>
</suite>
<statistics>
<total>
<stat pass="5" fail="0" skip="0">All Tests</stat>
</total>
<tag>
<stat pass="2" fail="0" skip="0">aservice</stat>
<stat pass="1" fail="0" skip="0">cpf_inv</stat>
<stat pass="1" fail="0" skip="0">required</stat>
<stat pass="1" fail="0" skip="0">smoke</stat>
</tag>
<suite>
<stat pass="5" fail="0" skip="0" id="s1" name="Signup">Signup</stat>
</suite>
</statistics>
<errors>
</errors>
</robot>
